<?xml version="1.0" encoding="UTF-8"?>
<!-- Generated by org.testng.reporters.JUnitReportReporter -->
<testsuite skipped="0" hostname="ANIMALWIN10" name="mit.javaseminar.oo.lesson05.biz.com.wareki.TestNGSample" tests="3" failures="0" timestamp="08 8 2018 13:32:16 GMT" time="0.020" errors="0">
  <testcase name="verifyAdd1" time="0.003" classname="mit.javaseminar.oo.lesson05.biz.com.wareki.TestNGSample"/>
  <testcase name="exceptionTest" time="0.017" classname="mit.javaseminar.oo.lesson05.biz.com.wareki.TestNGSample"/>
  <testcase name="verifyAdd2" time="0.000" classname="mit.javaseminar.oo.lesson05.biz.com.wareki.TestNGSample"/>
</testsuite> <!-- mit.javaseminar.oo.lesson05.biz.com.wareki.TestNGSample -->
